# JRE version: Java(TM) SE Runtime Environment (14.0.1+7) (build 14.0.1+7)
# Java VM: Java HotSpot(TM) 64-Bit Server VM (14.0.1+7, mixed mode, sharing, tiered, compressed oops, g1 gc, windows-amd64)
Heap:
 garbage-first heap   total 63488K, used 28359K [0x00000000c2200000, 0x0000000100000000)
  region size 1024K, 5 young (5120K), 1 survivors (1024K)
 Metaspace       used 47618K, capacity 49146K, committed 49228K, reserved 1091584K
  class space    used 5897K, capacity 6457K, committed 6476K, reserved 1048576K
GC Heap History (20 events):
Event: 218.230 GC heap before
{Heap before GC invocations=129 (full 0):
 garbage-first heap   total 63488K, used 47395K [0x00000000c2200000, 0x0000000100000000)
  region size 1024K, 22 young (22528K), 2 survivors (2048K)
 Metaspace       used 47529K, capacity 49013K, committed 49228K, reserved 1091584K
  class space    used 5896K, capacity 6455K, committed 6476K, reserved 1048576K
}
Event: 218.232 GC heap after
{Heap after GC invocations=130 (full 0):
 garbage-first heap   total 63488K, used 24159K [0x00000000c2200000, 0x0000000100000000)
  region size 1024K, 1 young (1024K), 1 survivors (1024K)
 Metaspace       used 47529K, capacity 49013K, committed 49228K, reserved 1091584K
  class space    used 5896K, capacity 6455K, committed 6476K, reserved 1048576K
}
Event: 221.504 GC heap before
{Heap before GC invocations=131 (full 0):
 garbage-first heap   total 63488K, used 42591K [0x00000000c2200000, 0x0000000100000000)
  region size 1024K, 17 young (17408K), 1 survivors (1024K)
 Metaspace       used 47532K, capacity 49077K, committed 49228K, reserved 1091584K
  class space    used 5896K, capacity 6455K, committed 6476K, reserved 1048576K
}
Event: 221.506 GC heap after
{Heap after GC invocations=132 (full 0):
 garbage-first heap   total 63488K, used 24333K [0x00000000c2200000, 0x0000000100000000)
  region size 1024K, 1 young (1024K), 1 survivors (1024K)
 Metaspace       used 47532K, capacity 49077K, committed 49228K, reserved 1091584K
  class space    used 5896K, capacity 6455K, committed 6476K, reserved 1048576K
}
Event: 228.199 GC heap before
{Heap before GC invocations=133 (full 0):
 garbage-first heap   total 63488K, used 51981K [0x00000000c2200000, 0x0000000100000000)
  region size 1024K, 26 young (26624K), 1 survivors (1024K)
 Metaspace       used 47539K, capacity 49077K, committed 49228K, reserved 1091584K
  class space    used 5896K, capacity 6455K, committed 6476K, reserved 1048576K
}
Event: 228.201 GC heap after
{Heap after GC invocations=134 (full 0):
 garbage-first heap   total 63488K, used 24371K [0x00000000c2200000, 0x0000000100000000)
  region size 1024K, 1 young (1024K), 1 survivors (1024K)
 Metaspace       used 47539K, capacity 49077K, committed 49228K, reserved 1091584K
  class space    used 5896K, capacity 6455K, committed 6476K, reserved 1048576K
}
Event: 233.220 GC heap before
{Heap before GC invocations=135 (full 0):
 garbage-first heap   total 63488K, used 48947K [0x00000000c2200000, 0x0000000100000000)
  region size 1024K, 23 young (23552K), 1 survivors (1024K)
 Metaspace       used 47539K, capacity 49077K, committed 49228K, reserved 1091584K
  class space    used 5896K, capacity 6455K, committed 6476K, reserved 1048576K
}
Event: 233.222 GC heap after
{Heap after GC invocations=136 (full 0):
 garbage-first heap   total 63488K, used 24153K [0x00000000c2200000, 0x0000000100000000)
  region size 1024K, 1 young (1024K), 1 survivors (1024K)
 Metaspace       used 47539K, capacity 49077K, committed 49228K, reserved 1091584K
  class space    used 5896K, capacity 6455K, committed 6476K, reserved 1048576K
}
Event: 236.971 GC heap before
{Heap before GC invocations=137 (full 0):
 garbage-first heap   total 63488K, used 42585K [0x00000000c2200000, 0x0000000100000000)
  region size 1024K, 17 young (17408K), 1 survivors (1024K)
 Metaspace       used 47551K, capacity 49077K, committed 49228K, reserved 1091584K
  class space    used 5896K, capacity 6455K, committed 6476K, reserved 1048576K
}
Event: 236.973 GC heap after
{Heap after GC invocations=138 (full 0):
 garbage-first heap   total 63488K, used 24487K [0x00000000c2200000, 0x0000000100000000)
  region size 1024K, 1 young (1024K), 1 survivors (1024K)
 Metaspace       used 47551K, capacity 49077K, committed 49228K, reserved 1091584K
  class space    used 5896K, capacity 6455K, committed 6476K, reserved 1048576K
}
Event: 245.166 GC heap before
{Heap before GC invocations=139 (full 0):
 garbage-first heap   total 63488K, used 53159K [0x00000000c2200000, 0x0000000100000000)
  region size 1024K, 27 young (27648K), 1 survivors (1024K)
 Metaspace       used 47564K, capacity 49077K, committed 49228K, reserved 1091584K
  class space    used 5896K, capacity 6455K, committed 6476K, reserved 1048576K
}
Event: 245.168 GC heap after
{Heap after GC invocations=140 (full 0):
 garbage-first heap   total 63488K, used 24230K [0x00000000c2200000, 0x0000000100000000)
  region size 1024K, 1 young (1024K), 1 survivors (1024K)
 Metaspace       used 47564K, capacity 49077K, committed 49228K, reserved 1091584K
  class space    used 5896K, capacity 6455K, committed 6476K, reserved 1048576K
}
Event: 248.595 GC heap before
{Heap before GC invocations=141 (full 0):
 garbage-first heap   total 63488K, used 44710K [0x00000000c2200000, 0x0000000100000000)
  region size 1024K, 19 young (19456K), 1 survivors (1024K)
 Metaspace       used 47573K, capacity 49077K, committed 49228K, reserved 1091584K
  class space    used 5896K, capacity 6455K, committed 6476K, reserved 1048576K
}
Event: 248.598 GC heap after
{Heap after GC invocations=142 (full 0):
 garbage-first heap   total 63488K, used 24437K [0x00000000c2200000, 0x0000000100000000)
  region size 1024K, 1 young (1024K), 1 survivors (1024K)
 Metaspace       used 47573K, capacity 49077K, committed 49228K, reserved 1091584K
  class space    used 5896K, capacity 6455K, committed 6476K, reserved 1048576K
}
Event: 251.992 GC heap before
{Heap before GC invocations=143 (full 0):
 garbage-first heap   total 63488K, used 41845K [0x00000000c2200000, 0x0000000100000000)
  region size 1024K, 16 young (16384K), 1 survivors (1024K)
 Metaspace       used 47576K, capacity 49141K, committed 49228K, reserved 1091584K
  class space    used 5896K, capacity 6455K, committed 6476K, reserved 1048576K
}
Event: 251.995 GC heap after
{Heap after GC invocations=144 (full 0):
 garbage-first heap   total 63488K, used 24472K [0x00000000c2200000, 0x0000000100000000)
  region size 1024K, 1 young (1024K), 1 survivors (1024K)
 Metaspace       used 47576K, capacity 49141K, committed 49228K, reserved 1091584K
  class space    used 5896K, capacity 6455K, committed 6476K, reserved 1048576K
}
Event: 260.320 GC heap before
{Heap before GC invocations=145 (full 0):
 garbage-first heap   total 63488K, used 54168K [0x00000000c2200000, 0x0000000100000000)
  region size 1024K, 28 young (28672K), 1 survivors (1024K)
 Metaspace       used 47615K, capacity 49146K, committed 49228K, reserved 1091584K
  class space    used 5897K, capacity 6457K, committed 6476K, reserved 1048576K
}
Event: 260.327 GC heap after
{Heap after GC invocations=146 (full 0):
 garbage-first heap   total 63488K, used 25013K [0x00000000c2200000, 0x0000000100000000)
  region size 1024K, 1 young (1024K), 1 survivors (1024K)
 Metaspace       used 47615K, capacity 49146K, committed 49228K, reserved 1091584K
  class space    used 5897K, capacity 6457K, committed 6476K, reserved 1048576K
}
Event: 262.016 GC heap before
{Heap before GC invocations=147 (full 0):
 garbage-first heap   total 63488K, used 39349K [0x00000000c2200000, 0x0000000100000000)
  region size 1024K, 7 young (7168K), 1 survivors (1024K)
 Metaspace       used 47618K, capacity 49146K, committed 49228K, reserved 1091584K
  class space    used 5897K, capacity 6457K, committed 6476K, reserved 1048576K
}
Event: 262.018 GC heap after
{Heap after GC invocations=148 (full 0):
 garbage-first heap   total 63488K, used 24263K [0x00000000c2200000, 0x0000000100000000)
  region size 1024K, 1 young (1024K), 1 survivors (1024K)
 Metaspace       used 47618K, capacity 49146K, committed 49228K, reserved 1091584K
  class space    used 5897K, capacity 6457K, committed 6476K, reserved 1048576K
}

