# JRE version: Java(TM) SE Runtime Environment (14.0.1+7) (build 14.0.1+7)
# Java VM: Java HotSpot(TM) 64-Bit Server VM (14.0.1+7, mixed mode, sharing, tiered, compressed oops, g1 gc, windows-amd64)
Heap:
 garbage-first heap   total 49152K, used 23776K [0x00000000c2200000, 0x0000000100000000)
  region size 1024K, 8 young (8192K), 2 survivors (2048K)
 Metaspace       used 38826K, capacity 39926K, committed 40012K, reserved 1083392K
  class space    used 4949K, capacity 5403K, committed 5452K, reserved 1048576K
GC Heap History (20 events):
Event: 4.480 GC heap before
{Heap before GC invocations=3 (full 0):
 garbage-first heap   total 63488K, used 37425K [0x00000000c2200000, 0x0000000100000000)
  region size 1024K, 32 young (32768K), 2 survivors (2048K)
 Metaspace       used 15088K, capacity 15624K, committed 15872K, reserved 1062912K
  class space    used 1844K, capacity 2031K, committed 2048K, reserved 1048576K
}
Event: 4.489 GC heap after
{Heap after GC invocations=4 (full 0):
 garbage-first heap   total 63488K, used 8048K [0x00000000c2200000, 0x0000000100000000)
  region size 1024K, 3 young (3072K), 3 survivors (3072K)
 Metaspace       used 15088K, capacity 15624K, committed 15872K, reserved 1062912K
  class space    used 1844K, capacity 2031K, committed 2048K, reserved 1048576K
}
Event: 5.772 GC heap before
{Heap before GC invocations=4 (full 0):
 garbage-first heap   total 63488K, used 42864K [0x00000000c2200000, 0x0000000100000000)
  region size 1024K, 37 young (37888K), 3 survivors (3072K)
 Metaspace       used 16665K, capacity 17152K, committed 17408K, reserved 1064960K
  class space    used 2032K, capacity 2219K, committed 2304K, reserved 1048576K
}
Event: 5.783 GC heap after
{Heap after GC invocations=5 (full 0):
 garbage-first heap   total 63488K, used 9555K [0x00000000c2200000, 0x0000000100000000)
  region size 1024K, 4 young (4096K), 4 survivors (4096K)
 Metaspace       used 16665K, capacity 17152K, committed 17408K, reserved 1064960K
  class space    used 2032K, capacity 2219K, committed 2304K, reserved 1048576K
}
Event: 6.344 GC heap before
{Heap before GC invocations=5 (full 0):
 garbage-first heap   total 63488K, used 43347K [0x00000000c2200000, 0x0000000100000000)
  region size 1024K, 37 young (37888K), 4 survivors (4096K)
 Metaspace       used 18120K, capacity 18705K, committed 18816K, reserved 1064960K
  class space    used 2206K, capacity 2408K, committed 2432K, reserved 1048576K
}
Event: 6.353 GC heap after
{Heap after GC invocations=6 (full 0):
 garbage-first heap   total 63488K, used 9986K [0x00000000c2200000, 0x0000000100000000)
  region size 1024K, 2 young (2048K), 2 survivors (2048K)
 Metaspace       used 18120K, capacity 18705K, committed 18816K, reserved 1064960K
  class space    used 2206K, capacity 2408K, committed 2432K, reserved 1048576K
}
Event: 7.042 GC heap before
{Heap before GC invocations=6 (full 0):
 garbage-first heap   total 63488K, used 25346K [0x00000000c2200000, 0x0000000100000000)
  region size 1024K, 18 young (18432K), 2 survivors (2048K)
 Metaspace       used 20599K, capacity 21138K, committed 21248K, reserved 1067008K
  class space    used 2508K, capacity 2722K, committed 2816K, reserved 1048576K
}
Event: 7.053 GC heap after
{Heap after GC invocations=7 (full 0):
 garbage-first heap   total 63488K, used 10850K [0x00000000c2200000, 0x0000000100000000)
  region size 1024K, 3 young (3072K), 3 survivors (3072K)
 Metaspace       used 20599K, capacity 21138K, committed 21248K, reserved 1067008K
  class space    used 2508K, capacity 2722K, committed 2816K, reserved 1048576K
}
Event: 8.927 GC heap before
{Heap before GC invocations=8 (full 0):
 garbage-first heap   total 40960K, used 32354K [0x00000000c2200000, 0x0000000100000000)
  region size 1024K, 24 young (24576K), 3 survivors (3072K)
 Metaspace       used 24779K, capacity 25565K, committed 25728K, reserved 1071104K
  class space    used 3060K, capacity 3401K, committed 3456K, reserved 1048576K
}
Event: 8.947 GC heap after
{Heap after GC invocations=9 (full 0):
 garbage-first heap   total 49152K, used 12693K [0x00000000c2200000, 0x0000000100000000)
  region size 1024K, 3 young (3072K), 3 survivors (3072K)
 Metaspace       used 24779K, capacity 25565K, committed 25728K, reserved 1071104K
  class space    used 3060K, capacity 3401K, committed 3456K, reserved 1048576K
}
Event: 10.235 GC heap before
{Heap before GC invocations=9 (full 0):
 garbage-first heap   total 49152K, used 36245K [0x00000000c2200000, 0x0000000100000000)
  region size 1024K, 26 young (26624K), 3 survivors (3072K)
 Metaspace       used 28277K, capacity 29067K, committed 29312K, reserved 1075200K
  class space    used 3532K, capacity 3863K, committed 3968K, reserved 1048576K
}
Event: 10.243 GC heap after
{Heap after GC invocations=10 (full 0):
 garbage-first heap   total 49152K, used 13873K [0x00000000c2200000, 0x0000000100000000)
  region size 1024K, 2 young (2048K), 2 survivors (2048K)
 Metaspace       used 28277K, capacity 29067K, committed 29312K, reserved 1075200K
  class space    used 3532K, capacity 3863K, committed 3968K, reserved 1048576K
}
Event: 11.244 GC heap before
{Heap before GC invocations=10 (full 0):
 garbage-first heap   total 49152K, used 36401K [0x00000000c2200000, 0x0000000100000000)
  region size 1024K, 24 young (24576K), 2 survivors (2048K)
 Metaspace       used 31342K, capacity 32284K, committed 32512K, reserved 1077248K
  class space    used 3964K, capacity 4337K, committed 4352K, reserved 1048576K
}
Event: 11.250 GC heap after
{Heap after GC invocations=11 (full 0):
 garbage-first heap   total 49152K, used 15370K [0x00000000c2200000, 0x0000000100000000)
  region size 1024K, 3 young (3072K), 3 survivors (3072K)
 Metaspace       used 31342K, capacity 32284K, committed 32512K, reserved 1077248K
  class space    used 3964K, capacity 4337K, committed 4352K, reserved 1048576K
}
Event: 12.262 GC heap before
{Heap before GC invocations=11 (full 0):
 garbage-first heap   total 49152K, used 37898K [0x00000000c2200000, 0x0000000100000000)
  region size 1024K, 25 young (25600K), 3 survivors (3072K)
 Metaspace       used 33488K, capacity 34436K, committed 34688K, reserved 1079296K
  class space    used 4255K, capacity 4645K, committed 4736K, reserved 1048576K
}
Event: 12.269 GC heap after
{Heap after GC invocations=12 (full 0):
 garbage-first heap   total 49152K, used 17182K [0x00000000c2200000, 0x0000000100000000)
  region size 1024K, 4 young (4096K), 4 survivors (4096K)
 Metaspace       used 33488K, capacity 34436K, committed 34688K, reserved 1079296K
  class space    used 4255K, capacity 4645K, committed 4736K, reserved 1048576K
}
Event: 12.676 GC heap before
{Heap before GC invocations=12 (full 0):
 garbage-first heap   total 49152K, used 26398K [0x00000000c2200000, 0x0000000100000000)
  region size 1024K, 14 young (14336K), 4 survivors (4096K)
 Metaspace       used 34772K, capacity 35765K, committed 35840K, reserved 1081344K
  class space    used 4439K, capacity 4852K, committed 4864K, reserved 1048576K
}
Event: 12.685 GC heap after
{Heap after GC invocations=13 (full 0):
 garbage-first heap   total 49152K, used 17986K [0x00000000c2200000, 0x0000000100000000)
  region size 1024K, 1 young (1024K), 1 survivors (1024K)
 Metaspace       used 34772K, capacity 35765K, committed 35840K, reserved 1081344K
  class space    used 4439K, capacity 4852K, committed 4864K, reserved 1048576K
}
Event: 18.420 GC heap before
{Heap before GC invocations=14 (full 0):
 garbage-first heap   total 49152K, used 37442K [0x00000000c2200000, 0x0000000100000000)
  region size 1024K, 21 young (21504K), 1 survivors (1024K)
 Metaspace       used 37952K, capacity 39047K, committed 39116K, reserved 1083392K
  class space    used 4822K, capacity 5258K, committed 5324K, reserved 1048576K
}
Event: 18.424 GC heap after
{Heap after GC invocations=15 (full 0):
 garbage-first heap   total 49152K, used 18656K [0x00000000c2200000, 0x0000000100000000)
  region size 1024K, 2 young (2048K), 2 survivors (2048K)
 Metaspace       used 37952K, capacity 39047K, committed 39116K, reserved 1083392K
  class space    used 4822K, capacity 5258K, committed 5324K, reserved 1048576K
}

