# JRE version: Java(TM) SE Runtime Environment (14.0.1+7) (build 14.0.1+7)
# Java VM: Java HotSpot(TM) 64-Bit Server VM (14.0.1+7, mixed mode, sharing, tiered, compressed oops, g1 gc, windows-amd64)
Heap:
 garbage-first heap   total 63488K, used 7538K [0x00000000c2200000, 0x0000000100000000)
  region size 1024K, 3 young (3072K), 3 survivors (3072K)
 Metaspace       used 14291K, capacity 14741K, committed 14848K, reserved 1071104K
  class space    used 1776K, capacity 1976K, committed 2048K, reserved 1048576K
GC Heap History (8 events):
Event: 1.071 GC heap before
{Heap before GC invocations=0 (full 0):
 garbage-first heap   total 63488K, used 12288K [0x00000000c2200000, 0x0000000100000000)
  region size 1024K, 13 young (13312K), 0 survivors (0K)
 Metaspace       used 3116K, capacity 5773K, committed 6016K, reserved 1056768K
  class space    used 315K, capacity 564K, committed 640K, reserved 1048576K
}
Event: 1.082 GC heap after
{Heap after GC invocations=1 (full 0):
 garbage-first heap   total 63488K, used 4943K [0x00000000c2200000, 0x0000000100000000)
  region size 1024K, 2 young (2048K), 2 survivors (2048K)
 Metaspace       used 3116K, capacity 5773K, committed 6016K, reserved 1056768K
  class space    used 315K, capacity 564K, committed 640K, reserved 1048576K
}
Event: 1.534 GC heap before
{Heap before GC invocations=1 (full 0):
 garbage-first heap   total 63488K, used 17231K [0x00000000c2200000, 0x0000000100000000)
  region size 1024K, 14 young (14336K), 2 survivors (2048K)
 Metaspace       used 5932K, capacity 7523K, committed 7808K, reserved 1056768K
  class space    used 675K, capacity 855K, committed 896K, reserved 1048576K
}
Event: 1.539 GC heap after
{Heap after GC invocations=2 (full 0):
 garbage-first heap   total 63488K, used 6023K [0x00000000c2200000, 0x0000000100000000)
  region size 1024K, 1 young (1024K), 1 survivors (1024K)
 Metaspace       used 5932K, capacity 7523K, committed 7808K, reserved 1056768K
  class space    used 675K, capacity 855K, committed 896K, reserved 1048576K
}
Event: 2.057 GC heap before
{Heap before GC invocations=2 (full 0):
 garbage-first heap   total 63488K, used 25479K [0x00000000c2200000, 0x0000000100000000)
  region size 1024K, 20 young (20480K), 1 survivors (1024K)
 Metaspace       used 10483K, capacity 11427K, committed 11648K, reserved 1058816K
  class space    used 1245K, capacity 1399K, committed 1408K, reserved 1048576K
}
Event: 2.061 GC heap after
{Heap after GC invocations=3 (full 0):
 garbage-first heap   total 63488K, used 6743K [0x00000000c2200000, 0x0000000100000000)
  region size 1024K, 2 young (2048K), 2 survivors (2048K)
 Metaspace       used 10483K, capacity 11427K, committed 11648K, reserved 1058816K
  class space    used 1245K, capacity 1399K, committed 1408K, reserved 1048576K
}
Event: 3.071 GC heap before
{Heap before GC invocations=3 (full 0):
 garbage-first heap   total 63488K, used 25175K [0x00000000c2200000, 0x0000000100000000)
  region size 1024K, 21 young (21504K), 2 survivors (2048K)
 Metaspace       used 14291K, capacity 14741K, committed 14848K, reserved 1069056K
  class space    used 1776K, capacity 1976K, committed 2048K, reserved 1048576K
}
Event: 3.077 GC heap after
{Heap after GC invocations=4 (full 0):
 garbage-first heap   total 63488K, used 7538K [0x00000000c2200000, 0x0000000100000000)
  region size 1024K, 3 young (3072K), 3 survivors (3072K)
 Metaspace       used 14291K, capacity 14741K, committed 14848K, reserved 1069056K
  class space    used 1776K, capacity 1976K, committed 2048K, reserved 1048576K
}

