# JRE version: Java(TM) SE Runtime Environment (14.0.1+7) (build 14.0.1+7)
# Java VM: Java HotSpot(TM) 64-Bit Server VM (14.0.1+7, mixed mode, sharing, tiered, compressed oops, g1 gc, windows-amd64)
Heap:
 garbage-first heap   total 40960K, used 27504K [0x00000000c2200000, 0x0000000100000000)
  region size 1024K, 13 young (13312K), 3 survivors (3072K)
 Metaspace       used 36236K, capacity 37271K, committed 37376K, reserved 1081344K
  class space    used 4629K, capacity 5052K, committed 5120K, reserved 1048576K
GC Heap History (20 events):
Event: 7.141 GC heap before
{Heap before GC invocations=3 (full 0):
 garbage-first heap   total 63488K, used 38569K [0x00000000c2200000, 0x0000000100000000)
  region size 1024K, 33 young (33792K), 2 survivors (2048K)
 Metaspace       used 14952K, capacity 15486K, committed 15616K, reserved 1062912K
  class space    used 1828K, capacity 2028K, committed 2048K, reserved 1048576K
}
Event: 7.149 GC heap after
{Heap after GC invocations=4 (full 0):
 garbage-first heap   total 63488K, used 8186K [0x00000000c2200000, 0x0000000100000000)
  region size 1024K, 3 young (3072K), 3 survivors (3072K)
 Metaspace       used 14952K, capacity 15486K, committed 15616K, reserved 1062912K
  class space    used 1828K, capacity 2028K, committed 2048K, reserved 1048576K
}
Event: 9.019 GC heap before
{Heap before GC invocations=4 (full 0):
 garbage-first heap   total 63488K, used 43002K [0x00000000c2200000, 0x0000000100000000)
  region size 1024K, 37 young (37888K), 3 survivors (3072K)
 Metaspace       used 16522K, capacity 17071K, committed 17408K, reserved 1064960K
  class space    used 2015K, capacity 2213K, committed 2304K, reserved 1048576K
}
Event: 9.028 GC heap after
{Heap after GC invocations=5 (full 0):
 garbage-first heap   total 63488K, used 9691K [0x00000000c2200000, 0x0000000100000000)
  region size 1024K, 4 young (4096K), 4 survivors (4096K)
 Metaspace       used 16522K, capacity 17071K, committed 17408K, reserved 1064960K
  class space    used 2015K, capacity 2213K, committed 2304K, reserved 1048576K
}
Event: 9.862 GC heap before
{Heap before GC invocations=5 (full 0):
 garbage-first heap   total 63488K, used 43483K [0x00000000c2200000, 0x0000000100000000)
  region size 1024K, 37 young (37888K), 4 survivors (4096K)
 Metaspace       used 17618K, capacity 18179K, committed 18304K, reserved 1064960K
  class space    used 2145K, capacity 2341K, committed 2432K, reserved 1048576K
}
Event: 9.870 GC heap after
{Heap after GC invocations=6 (full 0):
 garbage-first heap   total 63488K, used 10004K [0x00000000c2200000, 0x0000000100000000)
  region size 1024K, 2 young (2048K), 2 survivors (2048K)
 Metaspace       used 17618K, capacity 18179K, committed 18304K, reserved 1064960K
  class space    used 2145K, capacity 2341K, committed 2432K, reserved 1048576K
}
Event: 11.202 GC heap before
{Heap before GC invocations=6 (full 0):
 garbage-first heap   total 63488K, used 29460K [0x00000000c2200000, 0x0000000100000000)
  region size 1024K, 22 young (22528K), 2 survivors (2048K)
 Metaspace       used 20543K, capacity 21100K, committed 21248K, reserved 1067008K
  class space    used 2492K, capacity 2689K, committed 2816K, reserved 1048576K
}
Event: 11.214 GC heap after
{Heap after GC invocations=7 (full 0):
 garbage-first heap   total 63488K, used 10853K [0x00000000c2200000, 0x0000000100000000)
  region size 1024K, 3 young (3072K), 3 survivors (3072K)
 Metaspace       used 20543K, capacity 21100K, committed 21248K, reserved 1067008K
  class space    used 2492K, capacity 2689K, committed 2816K, reserved 1048576K
}
Event: 13.084 GC heap before
{Heap before GC invocations=8 (full 0):
 garbage-first heap   total 40960K, used 31333K [0x00000000c2200000, 0x0000000100000000)
  region size 1024K, 24 young (24576K), 3 survivors (3072K)
 Metaspace       used 24594K, capacity 25361K, committed 25728K, reserved 1071104K
  class space    used 3031K, capacity 3334K, committed 3456K, reserved 1048576K
}
Event: 13.105 GC heap after
{Heap after GC invocations=9 (full 0):
 garbage-first heap   total 40960K, used 12744K [0x00000000c2200000, 0x0000000100000000)
  region size 1024K, 3 young (3072K), 3 survivors (3072K)
 Metaspace       used 24594K, capacity 25361K, committed 25728K, reserved 1071104K
  class space    used 3031K, capacity 3334K, committed 3456K, reserved 1048576K
}
Event: 14.579 GC heap before
{Heap before GC invocations=9 (full 0):
 garbage-first heap   total 40960K, used 31176K [0x00000000c2200000, 0x0000000100000000)
  region size 1024K, 21 young (21504K), 3 survivors (3072K)
 Metaspace       used 27249K, capacity 28038K, committed 28288K, reserved 1073152K
  class space    used 3373K, capacity 3670K, committed 3712K, reserved 1048576K
}
Event: 14.586 GC heap after
{Heap after GC invocations=10 (full 0):
 garbage-first heap   total 40960K, used 13869K [0x00000000c2200000, 0x0000000100000000)
  region size 1024K, 1 young (1024K), 1 survivors (1024K)
 Metaspace       used 27249K, capacity 28038K, committed 28288K, reserved 1073152K
  class space    used 3373K, capacity 3670K, committed 3712K, reserved 1048576K
}
Event: 15.231 GC heap before
{Heap before GC invocations=10 (full 0):
 garbage-first heap   total 40960K, used 31277K [0x00000000c2200000, 0x0000000100000000)
  region size 1024K, 18 young (18432K), 1 survivors (1024K)
 Metaspace       used 29913K, capacity 30795K, committed 31104K, reserved 1077248K
  class space    used 3788K, capacity 4167K, committed 4224K, reserved 1048576K
}
Event: 15.236 GC heap after
{Heap after GC invocations=11 (full 0):
 garbage-first heap   total 40960K, used 14968K [0x00000000c2200000, 0x0000000100000000)
  region size 1024K, 3 young (3072K), 3 survivors (3072K)
 Metaspace       used 29913K, capacity 30795K, committed 31104K, reserved 1077248K
  class space    used 3788K, capacity 4167K, committed 4224K, reserved 1048576K
}
Event: 15.974 GC heap before
{Heap before GC invocations=11 (full 0):
 garbage-first heap   total 40960K, used 31352K [0x00000000c2200000, 0x0000000100000000)
  region size 1024K, 19 young (19456K), 3 survivors (3072K)
 Metaspace       used 31567K, capacity 32484K, committed 32512K, reserved 1077248K
  class space    used 3981K, capacity 4339K, committed 4352K, reserved 1048576K
}
Event: 15.980 GC heap after
{Heap after GC invocations=12 (full 0):
 garbage-first heap   total 40960K, used 16063K [0x00000000c2200000, 0x0000000100000000)
  region size 1024K, 3 young (3072K), 3 survivors (3072K)
 Metaspace       used 31567K, capacity 32484K, committed 32512K, reserved 1077248K
  class space    used 3981K, capacity 4339K, committed 4352K, reserved 1048576K
}
Event: 16.706 GC heap before
{Heap before GC invocations=12 (full 0):
 garbage-first heap   total 40960K, used 31423K [0x00000000c2200000, 0x0000000100000000)
  region size 1024K, 18 young (18432K), 3 survivors (3072K)
 Metaspace       used 33192K, capacity 34140K, committed 34432K, reserved 1079296K
  class space    used 4214K, capacity 4610K, committed 4736K, reserved 1048576K
}
Event: 16.715 GC heap after
{Heap after GC invocations=13 (full 0):
 garbage-first heap   total 40960K, used 17551K [0x00000000c2200000, 0x0000000100000000)
  region size 1024K, 3 young (3072K), 3 survivors (3072K)
 Metaspace       used 33192K, capacity 34140K, committed 34432K, reserved 1079296K
  class space    used 4214K, capacity 4610K, committed 4736K, reserved 1048576K
}
Event: 17.319 GC heap before
{Heap before GC invocations=13 (full 0):
 garbage-first heap   total 40960K, used 27791K [0x00000000c2200000, 0x0000000100000000)
  region size 1024K, 14 young (14336K), 3 survivors (3072K)
 Metaspace       used 34761K, capacity 35733K, committed 35840K, reserved 1081344K
  class space    used 4431K, capacity 4820K, committed 4864K, reserved 1048576K
}
Event: 17.325 GC heap after
{Heap after GC invocations=14 (full 0):
 garbage-first heap   total 40960K, used 18288K [0x00000000c2200000, 0x0000000100000000)
  region size 1024K, 3 young (3072K), 3 survivors (3072K)
 Metaspace       used 34761K, capacity 35733K, committed 35840K, reserved 1081344K
  class space    used 4431K, capacity 4820K, committed 4864K, reserved 1048576K
}

